{
  "contracts/OracleAggregator.sol": {
    "l": {
      "35": 3,
      "36": 3,
      "37": 3,
      "45": 4,
      "51": 4,
      "52": 136,
      "56": 135,
      "69": 435,
      "70": 434,
      "71": 434,
      "74": 433,
      "75": 12,
      "77": 433,
      "78": 0,
      "81": 433,
      "82": 433,
      "83": 15,
      "85": 418,
      "86": 418,
      "104": 418,
      "105": 138,
      "115": 9,
      "130": 271,
      "131": 271,
      "132": 271,
      "134": 271,
      "136": 1,
      "139": 201,
      "140": 201,
      "141": 201,
      "142": 201,
      "145": 57,
      "146": 57,
      "147": 57,
      "148": 57,
      "150": 57,
      "151": 57,
      "154": 12,
      "155": 12,
      "156": 12,
      "157": 12,
      "159": 12,
      "160": 12,
      "163": 0,
      "166": 270,
      "183": 417,
      "184": 417,
      "185": 417,
      "186": 270,
      "187": 270,
      "189": 48,
      "190": 48,
      "195": 48,
      "197": 99,
      "198": 99,
      "203": 99,
      "206": 417,
      "207": 309,
      "209": 6,
      "210": 6,
      "212": 102,
      "213": 102,
      "222": 756,
      "223": 756,
      "224": 756,
      "225": 756,
      "235": 271,
      "239": 144,
      "244": 57,
      "249": 57,
      "254": 12,
      "256": 1,
      "261": 851,
      "262": 607,
      "263": 607,
      "265": 0,
      "269": 244,
      "277": 348,
      "285": 417,
      "286": 417
    },
    "path": "/Users/Hilmar/code/gelato/oracle-aggregator/contracts/OracleAggregator.sol",
    "s": {
      "1": 3,
      "2": 3,
      "3": 3,
      "4": 4,
      "5": 4,
      "6": 136,
      "7": 135,
      "8": 435,
      "9": 434,
      "10": 434,
      "11": 433,
      "12": 12,
      "13": 433,
      "14": 0,
      "15": 433,
      "16": 433,
      "17": 15,
      "18": 418,
      "19": 418,
      "20": 418,
      "21": 138,
      "22": 280,
      "23": 9,
      "24": 271,
      "25": 271,
      "26": 271,
      "27": 271,
      "28": 1,
      "29": 270,
      "30": 201,
      "31": 201,
      "32": 201,
      "33": 201,
      "34": 69,
      "35": 57,
      "36": 57,
      "37": 57,
      "38": 57,
      "39": 57,
      "40": 57,
      "41": 12,
      "42": 12,
      "43": 12,
      "44": 12,
      "45": 12,
      "46": 12,
      "47": 12,
      "48": 0,
      "49": 270,
      "50": 417,
      "51": 417,
      "52": 417,
      "53": 270,
      "54": 270,
      "55": 147,
      "56": 48,
      "57": 48,
      "58": 48,
      "59": 99,
      "60": 99,
      "61": 99,
      "62": 417,
      "63": 309,
      "64": 108,
      "65": 6,
      "66": 6,
      "67": 102,
      "68": 102,
      "69": 756,
      "70": 756,
      "71": 756,
      "72": 756,
      "73": 271,
      "74": 144,
      "75": 127,
      "76": 57,
      "77": 70,
      "78": 57,
      "79": 13,
      "80": 12,
      "81": 1,
      "82": 851,
      "83": 607,
      "84": 607,
      "85": 0,
      "86": 244,
      "87": 348,
      "88": 417,
      "89": 417
    },
    "b": {
      "1": [3, 0],
      "2": [4, 0],
      "3": [135, 1],
      "4": [434, 1],
      "5": [434, 0],
      "6": [433, 1],
      "7": [12, 421],
      "8": [0, 433],
      "9": [15, 418],
      "10": [138, 280],
      "11": [9, 271],
      "12": [1, 270],
      "13": [201, 69],
      "14": [57, 12],
      "15": [12, 0],
      "16": [270, 147],
      "17": [48, 99],
      "18": [309, 108],
      "19": [6, 102],
      "20": [756, 0],
      "21": [144, 127],
      "22": [57, 70],
      "23": [57, 13],
      "24": [12, 1],
      "25": [607, 244]
    },
    "f": {
      "1": 3,
      "2": 4,
      "3": 435,
      "4": 418,
      "5": 417,
      "6": 756,
      "7": 271,
      "8": 851,
      "9": 348,
      "10": 417
    },
    "fnMap": {
      "1": {
        "name": "constructor",
        "line": 29,
        "loc": {
          "start": { "line": 29, "column": 4 },
          "end": { "line": 38, "column": 4 }
        }
      },
      "2": {
        "name": "addTokens",
        "line": 44,
        "loc": {
          "start": { "line": 40, "column": 4 },
          "end": { "line": 58, "column": 4 }
        }
      },
      "3": {
        "name": "getExpectedReturnAmount",
        "line": 63,
        "loc": {
          "start": { "line": 63, "column": 4 },
          "end": { "line": 94, "column": 4 }
        }
      },
      "4": {
        "name": "_getExpectedReturnAmount",
        "line": 96,
        "loc": {
          "start": { "line": 96, "column": 4 },
          "end": { "line": 174, "column": 4 }
        }
      },
      "5": {
        "name": "_computeReturnAmount",
        "line": 176,
        "loc": {
          "start": { "line": 176, "column": 4 },
          "end": { "line": 215, "column": 4 }
        }
      },
      "6": {
        "name": "_getRate",
        "line": 217,
        "loc": {
          "start": { "line": 217, "column": 4 },
          "end": { "line": 226, "column": 4 }
        }
      },
      "7": {
        "name": "_checkAvailablePair",
        "line": 230,
        "loc": {
          "start": { "line": 230, "column": 4 },
          "end": { "line": 258, "column": 4 }
        }
      },
      "8": {
        "name": "_getDecimals",
        "line": 260,
        "loc": {
          "start": { "line": 260, "column": 4 },
          "end": { "line": 270, "column": 4 }
        }
      },
      "9": {
        "name": "_div",
        "line": 272,
        "loc": {
          "start": { "line": 272, "column": 4 },
          "end": { "line": 278, "column": 4 }
        }
      },
      "10": {
        "name": "_mul",
        "line": 280,
        "loc": {
          "start": { "line": 280, "column": 4 },
          "end": { "line": 287, "column": 4 }
        }
      }
    },
    "statementMap": {
      "1": {
        "start": { "line": 35, "column": 8 },
        "end": { "line": 35, "column": 19 }
      },
      "2": {
        "start": { "line": 36, "column": 8 },
        "end": { "line": 36, "column": 49 }
      },
      "3": {
        "start": { "line": 37, "column": 8 },
        "end": { "line": 37, "column": 56 }
      },
      "4": {
        "start": { "line": 45, "column": 8 },
        "end": { "line": 45, "column": 1503 }
      },
      "5": {
        "start": { "line": 51, "column": 8 },
        "end": { "line": 51, "column": 1691 }
      },
      "6": {
        "start": { "line": 52, "column": 12 },
        "end": { "line": 52, "column": 1756 }
      },
      "7": {
        "start": { "line": 56, "column": 12 },
        "end": { "line": 56, "column": 70 }
      },
      "8": {
        "start": { "line": 69, "column": 8 },
        "end": { "line": 69, "column": 66 }
      },
      "9": {
        "start": { "line": 70, "column": 8 },
        "end": { "line": 70, "column": 74 }
      },
      "10": {
        "start": { "line": 71, "column": 8 },
        "end": { "line": 71, "column": 76 }
      },
      "11": {
        "start": { "line": 74, "column": 8 },
        "end": { "line": 74, "column": 2634 }
      },
      "12": {
        "start": { "line": 75, "column": 12 },
        "end": { "line": 75, "column": 24 }
      },
      "13": {
        "start": { "line": 77, "column": 8 },
        "end": { "line": 77, "column": 2702 }
      },
      "14": {
        "start": { "line": 78, "column": 12 },
        "end": { "line": 78, "column": 25 }
      },
      "15": {
        "start": { "line": 81, "column": 8 },
        "end": { "line": 81, "column": 46 }
      },
      "16": {
        "start": { "line": 82, "column": 8 },
        "end": { "line": 82, "column": 2822 }
      },
      "17": {
        "start": { "line": 83, "column": 12 },
        "end": { "line": 83, "column": 34 }
      },
      "18": {
        "start": { "line": 85, "column": 12 },
        "end": { "line": 85, "column": 54 }
      },
      "19": {
        "start": { "line": 86, "column": 12 },
        "end": { "line": 86, "column": 2975 }
      },
      "20": {
        "start": { "line": 104, "column": 8 },
        "end": { "line": 104, "column": 3451 }
      },
      "21": {
        "start": { "line": 105, "column": 12 },
        "end": { "line": 105, "column": 3529 }
      },
      "22": {
        "start": { "line": 113, "column": 15 },
        "end": { "line": 113, "column": 3775 }
      },
      "23": {
        "start": { "line": 115, "column": 12 },
        "end": { "line": 115, "column": 3920 }
      },
      "24": {
        "start": { "line": 130, "column": 8 },
        "end": { "line": 130, "column": 21 }
      },
      "25": {
        "start": { "line": 131, "column": 8 },
        "end": { "line": 131, "column": 29 }
      },
      "26": {
        "start": { "line": 132, "column": 8 },
        "end": { "line": 132, "column": 79 }
      },
      "27": {
        "start": { "line": 134, "column": 8 },
        "end": { "line": 134, "column": 4488 }
      },
      "28": {
        "start": { "line": 136, "column": 12 },
        "end": { "line": 136, "column": 20 }
      },
      "29": {
        "start": { "line": 137, "column": 15 },
        "end": { "line": 137, "column": 4616 }
      },
      "30": {
        "start": { "line": 139, "column": 12 },
        "end": { "line": 139, "column": 53 }
      },
      "31": {
        "start": { "line": 140, "column": 12 },
        "end": { "line": 140, "column": 54 }
      },
      "32": {
        "start": { "line": 141, "column": 12 },
        "end": { "line": 141, "column": 69 }
      },
      "33": {
        "start": { "line": 142, "column": 12 },
        "end": { "line": 142, "column": 54 }
      },
      "34": {
        "start": { "line": 143, "column": 15 },
        "end": { "line": 143, "column": 4976 }
      },
      "35": {
        "start": { "line": 145, "column": 12 },
        "end": { "line": 145, "column": 57 }
      },
      "36": {
        "start": { "line": 146, "column": 12 },
        "end": { "line": 146, "column": 56 }
      },
      "37": {
        "start": { "line": 147, "column": 12 },
        "end": { "line": 147, "column": 59 }
      },
      "38": {
        "start": { "line": 148, "column": 12 },
        "end": { "line": 148, "column": 5339 }
      },
      "39": {
        "start": { "line": 150, "column": 12 },
        "end": { "line": 150, "column": 62 }
      },
      "40": {
        "start": { "line": 151, "column": 12 },
        "end": { "line": 151, "column": 39 }
      },
      "41": {
        "start": { "line": 152, "column": 15 },
        "end": { "line": 152, "column": 5493 }
      },
      "42": {
        "start": { "line": 154, "column": 12 },
        "end": { "line": 154, "column": 57 }
      },
      "43": {
        "start": { "line": 155, "column": 12 },
        "end": { "line": 155, "column": 56 }
      },
      "44": {
        "start": { "line": 156, "column": 12 },
        "end": { "line": 156, "column": 59 }
      },
      "45": {
        "start": { "line": 157, "column": 12 },
        "end": { "line": 157, "column": 5855 }
      },
      "46": {
        "start": { "line": 159, "column": 12 },
        "end": { "line": 159, "column": 62 }
      },
      "47": {
        "start": { "line": 160, "column": 12 },
        "end": { "line": 160, "column": 39 }
      },
      "48": {
        "start": { "line": 163, "column": 12 },
        "end": { "line": 163, "column": 20 }
      },
      "49": {
        "start": { "line": 166, "column": 8 },
        "end": { "line": 166, "column": 6083 }
      },
      "50": {
        "start": { "line": 183, "column": 8 },
        "end": { "line": 183, "column": 31 }
      },
      "51": {
        "start": { "line": 184, "column": 8 },
        "end": { "line": 184, "column": 33 }
      },
      "52": {
        "start": { "line": 185, "column": 8 },
        "end": { "line": 185, "column": 6563 }
      },
      "53": {
        "start": { "line": 186, "column": 12 },
        "end": { "line": 186, "column": 65 }
      },
      "54": {
        "start": { "line": 187, "column": 12 },
        "end": { "line": 187, "column": 44 }
      },
      "55": {
        "start": { "line": 188, "column": 15 },
        "end": { "line": 188, "column": 6728 }
      },
      "56": {
        "start": { "line": 189, "column": 12 },
        "end": { "line": 189, "column": 63 }
      },
      "57": {
        "start": { "line": 190, "column": 12 },
        "end": { "line": 190, "column": 6843 }
      },
      "58": {
        "start": { "line": 195, "column": 12 },
        "end": { "line": 195, "column": 44 }
      },
      "59": {
        "start": { "line": 197, "column": 12 },
        "end": { "line": 197, "column": 63 }
      },
      "60": {
        "start": { "line": 198, "column": 12 },
        "end": { "line": 198, "column": 7123 }
      },
      "61": {
        "start": { "line": 203, "column": 12 },
        "end": { "line": 203, "column": 41 }
      },
      "62": {
        "start": { "line": 206, "column": 8 },
        "end": { "line": 206, "column": 7318 }
      },
      "63": {
        "start": { "line": 207, "column": 12 },
        "end": { "line": 207, "column": 34 }
      },
      "64": {
        "start": { "line": 208, "column": 15 },
        "end": { "line": 208, "column": 7409 }
      },
      "65": {
        "start": { "line": 209, "column": 12 },
        "end": { "line": 209, "column": 68 }
      },
      "66": {
        "start": { "line": 210, "column": 12 },
        "end": { "line": 210, "column": 55 }
      },
      "67": {
        "start": { "line": 212, "column": 12 },
        "end": { "line": 212, "column": 68 }
      },
      "68": {
        "start": { "line": 213, "column": 12 },
        "end": { "line": 213, "column": 55 }
      },
      "69": {
        "start": { "line": 222, "column": 8 },
        "end": { "line": 222, "column": 72 }
      },
      "70": {
        "start": { "line": 223, "column": 8 },
        "end": { "line": 223, "column": 47 }
      },
      "71": {
        "start": { "line": 224, "column": 8 },
        "end": { "line": 224, "column": 61 }
      },
      "72": {
        "start": { "line": 225, "column": 8 },
        "end": { "line": 225, "column": 29 }
      },
      "73": {
        "start": { "line": 235, "column": 8 },
        "end": { "line": 235, "column": 8322 }
      },
      "74": {
        "start": { "line": 239, "column": 12 },
        "end": { "line": 239, "column": 29 }
      },
      "75": {
        "start": { "line": 240, "column": 15 },
        "end": { "line": 240, "column": 8503 }
      },
      "76": {
        "start": { "line": 244, "column": 12 },
        "end": { "line": 244, "column": 29 }
      },
      "77": {
        "start": { "line": 245, "column": 15 },
        "end": { "line": 245, "column": 8684 }
      },
      "78": {
        "start": { "line": 249, "column": 12 },
        "end": { "line": 249, "column": 29 }
      },
      "79": {
        "start": { "line": 250, "column": 15 },
        "end": { "line": 250, "column": 8865 }
      },
      "80": {
        "start": { "line": 254, "column": 12 },
        "end": { "line": 254, "column": 29 }
      },
      "81": {
        "start": { "line": 256, "column": 12 },
        "end": { "line": 256, "column": 43 }
      },
      "82": {
        "start": { "line": 261, "column": 8 },
        "end": { "line": 261, "column": 9192 }
      },
      "83": {
        "start": { "line": 262, "column": 12 },
        "end": { "line": 262, "column": 9244 }
      },
      "84": {
        "start": { "line": 263, "column": 16 },
        "end": { "line": 263, "column": 41 }
      },
      "85": {
        "start": { "line": 265, "column": 16 },
        "end": { "line": 265, "column": 66 }
      },
      "86": {
        "start": { "line": 269, "column": 8 },
        "end": { "line": 269, "column": 57 }
      },
      "87": {
        "start": { "line": 277, "column": 8 },
        "end": { "line": 277, "column": 55 }
      },
      "88": {
        "start": { "line": 285, "column": 8 },
        "end": { "line": 285, "column": 37 }
      },
      "89": {
        "start": { "line": 286, "column": 8 },
        "end": { "line": 286, "column": 54 }
      }
    },
    "branchMap": {
      "1": {
        "line": 37,
        "type": "if",
        "locations": [
          {
            "start": { "line": 37, "column": 8 },
            "end": { "line": 37, "column": 8 }
          },
          {
            "start": { "line": 37, "column": 8 },
            "end": { "line": 37, "column": 8 }
          }
        ]
      },
      "2": {
        "line": 45,
        "type": "if",
        "locations": [
          {
            "start": { "line": 45, "column": 8 },
            "end": { "line": 45, "column": 8 }
          },
          {
            "start": { "line": 45, "column": 8 },
            "end": { "line": 45, "column": 8 }
          }
        ]
      },
      "3": {
        "line": 52,
        "type": "if",
        "locations": [
          {
            "start": { "line": 52, "column": 12 },
            "end": { "line": 52, "column": 12 }
          },
          {
            "start": { "line": 52, "column": 12 },
            "end": { "line": 52, "column": 12 }
          }
        ]
      },
      "4": {
        "line": 69,
        "type": "if",
        "locations": [
          {
            "start": { "line": 69, "column": 8 },
            "end": { "line": 69, "column": 8 }
          },
          {
            "start": { "line": 69, "column": 8 },
            "end": { "line": 69, "column": 8 }
          }
        ]
      },
      "5": {
        "line": 70,
        "type": "if",
        "locations": [
          {
            "start": { "line": 70, "column": 8 },
            "end": { "line": 70, "column": 8 }
          },
          {
            "start": { "line": 70, "column": 8 },
            "end": { "line": 70, "column": 8 }
          }
        ]
      },
      "6": {
        "line": 71,
        "type": "if",
        "locations": [
          {
            "start": { "line": 71, "column": 8 },
            "end": { "line": 71, "column": 8 }
          },
          {
            "start": { "line": 71, "column": 8 },
            "end": { "line": 71, "column": 8 }
          }
        ]
      },
      "7": {
        "line": 74,
        "type": "if",
        "locations": [
          {
            "start": { "line": 74, "column": 8 },
            "end": { "line": 74, "column": 8 }
          },
          {
            "start": { "line": 74, "column": 8 },
            "end": { "line": 74, "column": 8 }
          }
        ]
      },
      "8": {
        "line": 77,
        "type": "if",
        "locations": [
          {
            "start": { "line": 77, "column": 8 },
            "end": { "line": 77, "column": 8 }
          },
          {
            "start": { "line": 77, "column": 8 },
            "end": { "line": 77, "column": 8 }
          }
        ]
      },
      "9": {
        "line": 82,
        "type": "if",
        "locations": [
          {
            "start": { "line": 82, "column": 8 },
            "end": { "line": 82, "column": 8 }
          },
          {
            "start": { "line": 82, "column": 8 },
            "end": { "line": 82, "column": 8 }
          }
        ]
      },
      "10": {
        "line": 104,
        "type": "if",
        "locations": [
          {
            "start": { "line": 104, "column": 8 },
            "end": { "line": 104, "column": 8 }
          },
          {
            "start": { "line": 104, "column": 8 },
            "end": { "line": 104, "column": 8 }
          }
        ]
      },
      "11": {
        "line": 113,
        "type": "if",
        "locations": [
          {
            "start": { "line": 113, "column": 15 },
            "end": { "line": 113, "column": 15 }
          },
          {
            "start": { "line": 113, "column": 15 },
            "end": { "line": 113, "column": 15 }
          }
        ]
      },
      "12": {
        "line": 134,
        "type": "if",
        "locations": [
          {
            "start": { "line": 134, "column": 8 },
            "end": { "line": 134, "column": 8 }
          },
          {
            "start": { "line": 134, "column": 8 },
            "end": { "line": 134, "column": 8 }
          }
        ]
      },
      "13": {
        "line": 137,
        "type": "if",
        "locations": [
          {
            "start": { "line": 137, "column": 15 },
            "end": { "line": 137, "column": 15 }
          },
          {
            "start": { "line": 137, "column": 15 },
            "end": { "line": 137, "column": 15 }
          }
        ]
      },
      "14": {
        "line": 143,
        "type": "if",
        "locations": [
          {
            "start": { "line": 143, "column": 15 },
            "end": { "line": 143, "column": 15 }
          },
          {
            "start": { "line": 143, "column": 15 },
            "end": { "line": 143, "column": 15 }
          }
        ]
      },
      "15": {
        "line": 152,
        "type": "if",
        "locations": [
          {
            "start": { "line": 152, "column": 15 },
            "end": { "line": 152, "column": 15 }
          },
          {
            "start": { "line": 152, "column": 15 },
            "end": { "line": 152, "column": 15 }
          }
        ]
      },
      "16": {
        "line": 185,
        "type": "if",
        "locations": [
          {
            "start": { "line": 185, "column": 8 },
            "end": { "line": 185, "column": 8 }
          },
          {
            "start": { "line": 185, "column": 8 },
            "end": { "line": 185, "column": 8 }
          }
        ]
      },
      "17": {
        "line": 188,
        "type": "if",
        "locations": [
          {
            "start": { "line": 188, "column": 15 },
            "end": { "line": 188, "column": 15 }
          },
          {
            "start": { "line": 188, "column": 15 },
            "end": { "line": 188, "column": 15 }
          }
        ]
      },
      "18": {
        "line": 206,
        "type": "if",
        "locations": [
          {
            "start": { "line": 206, "column": 8 },
            "end": { "line": 206, "column": 8 }
          },
          {
            "start": { "line": 206, "column": 8 },
            "end": { "line": 206, "column": 8 }
          }
        ]
      },
      "19": {
        "line": 208,
        "type": "if",
        "locations": [
          {
            "start": { "line": 208, "column": 15 },
            "end": { "line": 208, "column": 15 }
          },
          {
            "start": { "line": 208, "column": 15 },
            "end": { "line": 208, "column": 15 }
          }
        ]
      },
      "20": {
        "line": 224,
        "type": "if",
        "locations": [
          {
            "start": { "line": 224, "column": 8 },
            "end": { "line": 224, "column": 8 }
          },
          {
            "start": { "line": 224, "column": 8 },
            "end": { "line": 224, "column": 8 }
          }
        ]
      },
      "21": {
        "line": 235,
        "type": "if",
        "locations": [
          {
            "start": { "line": 235, "column": 8 },
            "end": { "line": 235, "column": 8 }
          },
          {
            "start": { "line": 235, "column": 8 },
            "end": { "line": 235, "column": 8 }
          }
        ]
      },
      "22": {
        "line": 240,
        "type": "if",
        "locations": [
          {
            "start": { "line": 240, "column": 15 },
            "end": { "line": 240, "column": 15 }
          },
          {
            "start": { "line": 240, "column": 15 },
            "end": { "line": 240, "column": 15 }
          }
        ]
      },
      "23": {
        "line": 245,
        "type": "if",
        "locations": [
          {
            "start": { "line": 245, "column": 15 },
            "end": { "line": 245, "column": 15 }
          },
          {
            "start": { "line": 245, "column": 15 },
            "end": { "line": 245, "column": 15 }
          }
        ]
      },
      "24": {
        "line": 250,
        "type": "if",
        "locations": [
          {
            "start": { "line": 250, "column": 15 },
            "end": { "line": 250, "column": 15 }
          },
          {
            "start": { "line": 250, "column": 15 },
            "end": { "line": 250, "column": 15 }
          }
        ]
      },
      "25": {
        "line": 261,
        "type": "if",
        "locations": [
          {
            "start": { "line": 261, "column": 8 },
            "end": { "line": 261, "column": 8 }
          },
          {
            "start": { "line": 261, "column": 8 },
            "end": { "line": 261, "column": 8 }
          }
        ]
      }
    }
  }
}
