{
"contracts/OracleAggregator.sol":{"l":{"36":3,"37":3,"38":3,"40":3,"41":3,"49":4,"55":4,"56":103,"60":102,"68":4,"69":4,"70":22,"74":21,"87":11,"88":11,"89":11,"92":11,"93":1,"95":11,"96":0,"100":11,"101":11,"104":11,"108":11,"110":11,"112":7,"121":4,"129":11,"142":7,"143":3,"144":3,"155":3,"160":4,"162":4,"163":4,"164":4,"166":4,"170":4,"173":4,"174":2,"176":2,"187":4,"188":4,"192":4,"193":2,"195":2,"197":2,"200":2,"201":2,"203":0,"209":1,"210":1,"211":1,"213":1,"214":1,"219":1,"220":1,"221":1,"224":1,"227":1,"232":1,"233":1,"234":1,"245":8,"249":2,"254":4,"259":1,"264":1,"266":0,"276":11,"277":8,"278":8,"280":0,"283":3,"284":1,"286":2,"291":11,"292":7,"293":7,"295":0,"298":4,"299":1,"301":3,"311":21,"312":0,"314":21,"315":21,"316":21,"326":11,"327":1,"329":2,"331":3,"333":5,"346":2,"350":2},"path":"/Users/Hilmar/code/gelato/oracle-aggregator/contracts/OracleAggregator.sol","s":{"1":3,"2":3,"3":3,"4":3,"5":3,"6":4,"7":4,"8":103,"9":102,"10":4,"11":4,"12":22,"13":21,"14":11,"15":11,"16":11,"17":11,"18":1,"19":11,"20":0,"21":11,"22":11,"23":11,"24":11,"25":11,"26":7,"27":4,"28":11,"29":7,"30":3,"31":3,"32":3,"33":4,"34":4,"35":0,"36":4,"37":4,"38":4,"39":4,"40":4,"41":2,"42":2,"43":4,"44":4,"45":0,"46":4,"47":2,"48":2,"49":2,"50":2,"51":2,"52":0,"53":2,"54":1,"55":1,"56":1,"57":1,"58":1,"59":1,"60":1,"61":1,"62":1,"63":1,"64":1,"65":1,"66":1,"67":8,"68":2,"69":6,"70":4,"71":2,"72":1,"73":1,"74":1,"75":0,"76":11,"77":8,"78":8,"79":0,"80":3,"81":1,"82":2,"83":11,"84":7,"85":7,"86":0,"87":4,"88":1,"89":3,"90":21,"91":0,"92":21,"93":21,"94":21,"95":11,"96":1,"97":10,"98":2,"99":8,"100":3,"101":5,"102":2,"103":2},"b":{"1":[3,0],"2":[3,0],"3":[4,0],"4":[102,1],"5":[4,0],"6":[21,1],"7":[11,0],"8":[11,0],"9":[11,0],"10":[1,10],"11":[0,11],"12":[7,4],"13":[3,4],"14":[0,4],"15":[2,2],"16":[0,4],"17":[2,2],"18":[2,0],"19":[1,1],"20":[1,0],"21":[2,6],"22":[4,2],"23":[1,1],"24":[1,0],"25":[8,3],"26":[1,2],"27":[7,4],"28":[1,3],"29":[0,21],"30":[1,10],"31":[2,8],"32":[3,5]},"f":{"1":3,"2":4,"3":4,"4":11,"5":7,"6":4,"7":8,"8":11,"9":21,"10":11,"11":2},"fnMap":{"1":{"name":"constructor","line":28,"loc":{"start":{"line":28,"column":4},"end":{"line":42,"column":4}}},"2":{"name":"addTokens","line":48,"loc":{"start":{"line":44,"column":4},"end":{"line":62,"column":4}}},"3":{"name":"addStablecoins","line":67,"loc":{"start":{"line":64,"column":4},"end":{"line":76,"column":4}}},"4":{"name":"getExpectedReturnAmount","line":81,"loc":{"start":{"line":81,"column":4},"end":{"line":130,"column":4}}},"5":{"name":"_handleConvertToEthOrUsd","line":132,"loc":{"start":{"line":132,"column":4},"end":{"line":179,"column":4}}},"6":{"name":"_handleConvertToToken","line":181,"loc":{"start":{"line":181,"column":4},"end":{"line":236,"column":4}}},"7":{"name":"_checkAvailablePair","line":240,"loc":{"start":{"line":240,"column":4},"end":{"line":268,"column":4}}},"8":{"name":"_getDecimals","line":270,"loc":{"start":{"line":270,"column":4},"end":{"line":304,"column":4}}},"9":{"name":"_getRate","line":306,"loc":{"start":{"line":306,"column":4},"end":{"line":318,"column":4}}},"10":{"name":"_convertUSD","line":321,"loc":{"start":{"line":321,"column":4},"end":{"line":335,"column":4}}},"11":{"name":"_matchStableCoinDecimal","line":338,"loc":{"start":{"line":338,"column":4},"end":{"line":355,"column":4}}}},"statementMap":{"1":{"start":{"line":36,"column":8},"end":{"line":36,"column":19}},"2":{"start":{"line":37,"column":8},"end":{"line":37,"column":49}},"3":{"start":{"line":38,"column":8},"end":{"line":38,"column":46}},"4":{"start":{"line":40,"column":8},"end":{"line":40,"column":56}},"5":{"start":{"line":41,"column":8},"end":{"line":41,"column":56}},"6":{"start":{"line":49,"column":8},"end":{"line":49,"column":1681}},"7":{"start":{"line":55,"column":8},"end":{"line":55,"column":1869}},"8":{"start":{"line":56,"column":12},"end":{"line":56,"column":1934}},"9":{"start":{"line":60,"column":12},"end":{"line":60,"column":70}},"10":{"start":{"line":68,"column":8},"end":{"line":68,"column":55}},"11":{"start":{"line":69,"column":8},"end":{"line":69,"column":2373}},"12":{"start":{"line":70,"column":12},"end":{"line":70,"column":2441}},"13":{"start":{"line":74,"column":12},"end":{"line":74,"column":58}},"14":{"start":{"line":87,"column":8},"end":{"line":87,"column":66}},"15":{"start":{"line":88,"column":8},"end":{"line":88,"column":74}},"16":{"start":{"line":89,"column":8},"end":{"line":89,"column":76}},"17":{"start":{"line":92,"column":8},"end":{"line":92,"column":3308}},"18":{"start":{"line":93,"column":12},"end":{"line":93,"column":24}},"19":{"start":{"line":95,"column":8},"end":{"line":95,"column":3376}},"20":{"start":{"line":96,"column":12},"end":{"line":96,"column":25}},"21":{"start":{"line":100,"column":8},"end":{"line":100,"column":31}},"22":{"start":{"line":101,"column":8},"end":{"line":101,"column":76}},"23":{"start":{"line":104,"column":8},"end":{"line":104,"column":3704}},"24":{"start":{"line":108,"column":8},"end":{"line":108,"column":59}},"25":{"start":{"line":110,"column":8},"end":{"line":110,"column":3873}},"26":{"start":{"line":112,"column":12},"end":{"line":112,"column":3974}},"27":{"start":{"line":121,"column":12},"end":{"line":121,"column":4250}},"28":{"start":{"line":129,"column":8},"end":{"line":129,"column":47}},"29":{"start":{"line":142,"column":8},"end":{"line":142,"column":4839}},"30":{"start":{"line":143,"column":12},"end":{"line":143,"column":79}},"31":{"start":{"line":144,"column":12},"end":{"line":144,"column":5017}},"32":{"start":{"line":155,"column":12},"end":{"line":155,"column":56}},"33":{"start":{"line":160,"column":12},"end":{"line":160,"column":5605}},"34":{"start":{"line":162,"column":12},"end":{"line":162,"column":70}},"35":{"start":{"line":162,"column":60},"end":{"line":162,"column":70}},"36":{"start":{"line":163,"column":12},"end":{"line":163,"column":57}},"37":{"start":{"line":164,"column":12},"end":{"line":164,"column":78}},"38":{"start":{"line":166,"column":12},"end":{"line":166,"column":5893}},"39":{"start":{"line":170,"column":12},"end":{"line":170,"column":6021}},"40":{"start":{"line":173,"column":12},"end":{"line":173,"column":6134}},"41":{"start":{"line":174,"column":16},"end":{"line":174,"column":60}},"42":{"start":{"line":176,"column":16},"end":{"line":176,"column":65}},"43":{"start":{"line":187,"column":8},"end":{"line":187,"column":79}},"44":{"start":{"line":188,"column":8},"end":{"line":188,"column":66}},"45":{"start":{"line":188,"column":56},"end":{"line":188,"column":66}},"46":{"start":{"line":192,"column":8},"end":{"line":192,"column":6862}},"47":{"start":{"line":193,"column":12},"end":{"line":193,"column":77}},"48":{"start":{"line":195,"column":12},"end":{"line":195,"column":58}},"49":{"start":{"line":197,"column":12},"end":{"line":197,"column":7041}},"50":{"start":{"line":200,"column":12},"end":{"line":200,"column":7154}},"51":{"start":{"line":201,"column":16},"end":{"line":201,"column":60}},"52":{"start":{"line":203,"column":16},"end":{"line":203,"column":65}},"53":{"start":{"line":205,"column":15},"end":{"line":205,"column":7349}},"54":{"start":{"line":209,"column":12},"end":{"line":209,"column":57}},"55":{"start":{"line":210,"column":12},"end":{"line":210,"column":56}},"56":{"start":{"line":211,"column":12},"end":{"line":211,"column":58}},"57":{"start":{"line":213,"column":12},"end":{"line":213,"column":75}},"58":{"start":{"line":214,"column":12},"end":{"line":214,"column":56}},"59":{"start":{"line":215,"column":15},"end":{"line":215,"column":7874}},"60":{"start":{"line":219,"column":12},"end":{"line":219,"column":29}},"61":{"start":{"line":221,"column":16},"end":{"line":221,"column":8167}},"62":{"start":{"line":224,"column":16},"end":{"line":224,"column":8265}},"63":{"start":{"line":227,"column":16},"end":{"line":227,"column":8383}},"64":{"start":{"line":232,"column":12},"end":{"line":232,"column":58}},"65":{"start":{"line":233,"column":12},"end":{"line":233,"column":61}},"66":{"start":{"line":234,"column":12},"end":{"line":234,"column":31}},"67":{"start":{"line":245,"column":8},"end":{"line":245,"column":8951}},"68":{"start":{"line":249,"column":12},"end":{"line":249,"column":29}},"69":{"start":{"line":250,"column":15},"end":{"line":250,"column":9132}},"70":{"start":{"line":254,"column":12},"end":{"line":254,"column":29}},"71":{"start":{"line":255,"column":15},"end":{"line":255,"column":9313}},"72":{"start":{"line":259,"column":12},"end":{"line":259,"column":29}},"73":{"start":{"line":260,"column":15},"end":{"line":260,"column":9494}},"74":{"start":{"line":264,"column":12},"end":{"line":264,"column":29}},"75":{"start":{"line":266,"column":12},"end":{"line":266,"column":43}},"76":{"start":{"line":276,"column":8},"end":{"line":276,"column":9943}},"77":{"start":{"line":277,"column":12},"end":{"line":277,"column":9999}},"78":{"start":{"line":278,"column":16},"end":{"line":278,"column":56}},"79":{"start":{"line":280,"column":16},"end":{"line":280,"column":66}},"80":{"start":{"line":283,"column":12},"end":{"line":283,"column":10255}},"81":{"start":{"line":284,"column":16},"end":{"line":284,"column":53}},"82":{"start":{"line":286,"column":16},"end":{"line":286,"column":35}},"83":{"start":{"line":291,"column":8},"end":{"line":291,"column":10453}},"84":{"start":{"line":292,"column":12},"end":{"line":292,"column":10513}},"85":{"start":{"line":293,"column":16},"end":{"line":293,"column":58}},"86":{"start":{"line":295,"column":16},"end":{"line":295,"column":66}},"87":{"start":{"line":298,"column":12},"end":{"line":298,"column":10774}},"88":{"start":{"line":299,"column":16},"end":{"line":299,"column":54}},"89":{"start":{"line":301,"column":16},"end":{"line":301,"column":36}},"90":{"start":{"line":311,"column":8},"end":{"line":311,"column":11101}},"91":{"start":{"line":312,"column":12},"end":{"line":312,"column":25}},"92":{"start":{"line":314,"column":12},"end":{"line":314,"column":76}},"93":{"start":{"line":315,"column":12},"end":{"line":315,"column":57}},"94":{"start":{"line":316,"column":12},"end":{"line":316,"column":46}},"95":{"start":{"line":326,"column":8},"end":{"line":326,"column":11587}},"96":{"start":{"line":327,"column":12},"end":{"line":327,"column":29}},"97":{"start":{"line":328,"column":15},"end":{"line":328,"column":11702}},"98":{"start":{"line":329,"column":12},"end":{"line":329,"column":34}},"99":{"start":{"line":330,"column":15},"end":{"line":330,"column":11789}},"100":{"start":{"line":331,"column":12},"end":{"line":331,"column":33}},"101":{"start":{"line":333,"column":12},"end":{"line":333,"column":38}},"102":{"start":{"line":346,"column":8},"end":{"line":346,"column":12352}},"103":{"start":{"line":350,"column":8},"end":{"line":350,"column":12527}}},"branchMap":{"1":{"line":40,"type":"if","locations":[{"start":{"line":40,"column":8},"end":{"line":40,"column":8}},{"start":{"line":40,"column":8},"end":{"line":40,"column":8}}]},"2":{"line":41,"type":"if","locations":[{"start":{"line":41,"column":8},"end":{"line":41,"column":8}},{"start":{"line":41,"column":8},"end":{"line":41,"column":8}}]},"3":{"line":49,"type":"if","locations":[{"start":{"line":49,"column":8},"end":{"line":49,"column":8}},{"start":{"line":49,"column":8},"end":{"line":49,"column":8}}]},"4":{"line":56,"type":"if","locations":[{"start":{"line":56,"column":12},"end":{"line":56,"column":12}},{"start":{"line":56,"column":12},"end":{"line":56,"column":12}}]},"5":{"line":68,"type":"if","locations":[{"start":{"line":68,"column":8},"end":{"line":68,"column":8}},{"start":{"line":68,"column":8},"end":{"line":68,"column":8}}]},"6":{"line":70,"type":"if","locations":[{"start":{"line":70,"column":12},"end":{"line":70,"column":12}},{"start":{"line":70,"column":12},"end":{"line":70,"column":12}}]},"7":{"line":87,"type":"if","locations":[{"start":{"line":87,"column":8},"end":{"line":87,"column":8}},{"start":{"line":87,"column":8},"end":{"line":87,"column":8}}]},"8":{"line":88,"type":"if","locations":[{"start":{"line":88,"column":8},"end":{"line":88,"column":8}},{"start":{"line":88,"column":8},"end":{"line":88,"column":8}}]},"9":{"line":89,"type":"if","locations":[{"start":{"line":89,"column":8},"end":{"line":89,"column":8}},{"start":{"line":89,"column":8},"end":{"line":89,"column":8}}]},"10":{"line":92,"type":"if","locations":[{"start":{"line":92,"column":8},"end":{"line":92,"column":8}},{"start":{"line":92,"column":8},"end":{"line":92,"column":8}}]},"11":{"line":95,"type":"if","locations":[{"start":{"line":95,"column":8},"end":{"line":95,"column":8}},{"start":{"line":95,"column":8},"end":{"line":95,"column":8}}]},"12":{"line":110,"type":"if","locations":[{"start":{"line":110,"column":8},"end":{"line":110,"column":8}},{"start":{"line":110,"column":8},"end":{"line":110,"column":8}}]},"13":{"line":142,"type":"if","locations":[{"start":{"line":142,"column":8},"end":{"line":142,"column":8}},{"start":{"line":142,"column":8},"end":{"line":142,"column":8}}]},"14":{"line":162,"type":"if","locations":[{"start":{"line":162,"column":12},"end":{"line":162,"column":12}},{"start":{"line":162,"column":12},"end":{"line":162,"column":12}}]},"15":{"line":173,"type":"if","locations":[{"start":{"line":173,"column":12},"end":{"line":173,"column":12}},{"start":{"line":173,"column":12},"end":{"line":173,"column":12}}]},"16":{"line":188,"type":"if","locations":[{"start":{"line":188,"column":8},"end":{"line":188,"column":8}},{"start":{"line":188,"column":8},"end":{"line":188,"column":8}}]},"17":{"line":192,"type":"if","locations":[{"start":{"line":192,"column":8},"end":{"line":192,"column":8}},{"start":{"line":192,"column":8},"end":{"line":192,"column":8}}]},"18":{"line":200,"type":"if","locations":[{"start":{"line":200,"column":12},"end":{"line":200,"column":12}},{"start":{"line":200,"column":12},"end":{"line":200,"column":12}}]},"19":{"line":205,"type":"if","locations":[{"start":{"line":205,"column":15},"end":{"line":205,"column":15}},{"start":{"line":205,"column":15},"end":{"line":205,"column":15}}]},"20":{"line":215,"type":"if","locations":[{"start":{"line":215,"column":15},"end":{"line":215,"column":15}},{"start":{"line":215,"column":15},"end":{"line":215,"column":15}}]},"21":{"line":245,"type":"if","locations":[{"start":{"line":245,"column":8},"end":{"line":245,"column":8}},{"start":{"line":245,"column":8},"end":{"line":245,"column":8}}]},"22":{"line":250,"type":"if","locations":[{"start":{"line":250,"column":15},"end":{"line":250,"column":15}},{"start":{"line":250,"column":15},"end":{"line":250,"column":15}}]},"23":{"line":255,"type":"if","locations":[{"start":{"line":255,"column":15},"end":{"line":255,"column":15}},{"start":{"line":255,"column":15},"end":{"line":255,"column":15}}]},"24":{"line":260,"type":"if","locations":[{"start":{"line":260,"column":15},"end":{"line":260,"column":15}},{"start":{"line":260,"column":15},"end":{"line":260,"column":15}}]},"25":{"line":276,"type":"if","locations":[{"start":{"line":276,"column":8},"end":{"line":276,"column":8}},{"start":{"line":276,"column":8},"end":{"line":276,"column":8}}]},"26":{"line":283,"type":"if","locations":[{"start":{"line":283,"column":12},"end":{"line":283,"column":12}},{"start":{"line":283,"column":12},"end":{"line":283,"column":12}}]},"27":{"line":291,"type":"if","locations":[{"start":{"line":291,"column":8},"end":{"line":291,"column":8}},{"start":{"line":291,"column":8},"end":{"line":291,"column":8}}]},"28":{"line":298,"type":"if","locations":[{"start":{"line":298,"column":12},"end":{"line":298,"column":12}},{"start":{"line":298,"column":12},"end":{"line":298,"column":12}}]},"29":{"line":311,"type":"if","locations":[{"start":{"line":311,"column":8},"end":{"line":311,"column":8}},{"start":{"line":311,"column":8},"end":{"line":311,"column":8}}]},"30":{"line":326,"type":"if","locations":[{"start":{"line":326,"column":8},"end":{"line":326,"column":8}},{"start":{"line":326,"column":8},"end":{"line":326,"column":8}}]},"31":{"line":328,"type":"if","locations":[{"start":{"line":328,"column":15},"end":{"line":328,"column":15}},{"start":{"line":328,"column":15},"end":{"line":328,"column":15}}]},"32":{"line":330,"type":"if","locations":[{"start":{"line":330,"column":15},"end":{"line":330,"column":15}},{"start":{"line":330,"column":15},"end":{"line":330,"column":15}}]}}},
"contracts/OracleAggregatorV2.sol":{"l":{"35":3,"36":3,"37":3,"45":4,"51":4,"52":133,"56":132,"69":28,"70":28,"71":28,"74":28,"75":1,"77":28,"78":0,"81":28,"82":28,"83":1,"85":27,"86":27,"104":27,"105":4,"115":3,"130":20,"131":20,"132":20,"134":20,"136":0,"139":18,"140":18,"141":18,"142":18,"145":1,"146":1,"147":1,"148":1,"150":1,"151":1,"154":1,"155":1,"156":1,"157":1,"159":1,"160":1,"163":0,"166":20,"183":27,"184":27,"185":27,"186":18,"187":18,"189":6,"190":6,"195":6,"197":3,"198":3,"203":3,"206":27,"207":19,"209":1,"210":1,"212":7,"213":7,"222":49,"223":49,"224":49,"225":49,"233":0,"234":0,"235":0,"236":0,"246":20,"250":16,"255":2,"260":1,"265":1,"267":0,"272":55,"273":45,"274":45,"276":0,"280":10,"288":25,"296":27,"297":27},"path":"/Users/Hilmar/code/gelato/oracle-aggregator/contracts/OracleAggregatorV2.sol","s":{"1":3,"2":3,"3":3,"4":4,"5":4,"6":133,"7":132,"8":28,"9":28,"10":28,"11":28,"12":1,"13":28,"14":0,"15":28,"16":28,"17":1,"18":27,"19":27,"20":27,"21":4,"22":23,"23":3,"24":20,"25":20,"26":20,"27":20,"28":0,"29":20,"30":18,"31":18,"32":18,"33":18,"34":2,"35":1,"36":1,"37":1,"38":1,"39":1,"40":1,"41":1,"42":1,"43":1,"44":1,"45":1,"46":1,"47":1,"48":0,"49":20,"50":27,"51":27,"52":27,"53":18,"54":18,"55":9,"56":6,"57":6,"58":6,"59":3,"60":3,"61":3,"62":27,"63":19,"64":8,"65":1,"66":1,"67":7,"68":7,"69":49,"70":49,"71":49,"72":49,"73":0,"74":0,"75":0,"76":0,"77":20,"78":16,"79":4,"80":2,"81":2,"82":1,"83":1,"84":1,"85":0,"86":55,"87":45,"88":45,"89":0,"90":10,"91":25,"92":27,"93":27},"b":{"1":[3,0],"2":[4,0],"3":[132,1],"4":[28,0],"5":[28,0],"6":[28,0],"7":[1,27],"8":[0,28],"9":[1,27],"10":[4,23],"11":[3,20],"12":[0,20],"13":[18,2],"14":[1,1],"15":[1,0],"16":[18,9],"17":[6,3],"18":[19,8],"19":[1,7],"20":[49,0],"21":[0,0],"22":[16,4],"23":[2,2],"24":[1,1],"25":[1,0],"26":[45,10]},"f":{"1":3,"2":4,"3":28,"4":27,"5":27,"6":49,"7":0,"8":20,"9":55,"10":25,"11":27},"fnMap":{"1":{"name":"constructor","line":29,"loc":{"start":{"line":29,"column":4},"end":{"line":38,"column":4}}},"2":{"name":"addTokens","line":44,"loc":{"start":{"line":40,"column":4},"end":{"line":58,"column":4}}},"3":{"name":"getExpectedReturnAmount","line":63,"loc":{"start":{"line":63,"column":4},"end":{"line":94,"column":4}}},"4":{"name":"_getExpectedReturnAmount","line":96,"loc":{"start":{"line":96,"column":4},"end":{"line":174,"column":4}}},"5":{"name":"_computeReturnAmount","line":176,"loc":{"start":{"line":176,"column":4},"end":{"line":215,"column":4}}},"6":{"name":"_getRate","line":217,"loc":{"start":{"line":217,"column":4},"end":{"line":226,"column":4}}},"7":{"name":"_getRateAndOracleDecimals","line":228,"loc":{"start":{"line":228,"column":4},"end":{"line":237,"column":4}}},"8":{"name":"_checkAvailablePair","line":241,"loc":{"start":{"line":241,"column":4},"end":{"line":269,"column":4}}},"9":{"name":"_getDecimals","line":271,"loc":{"start":{"line":271,"column":4},"end":{"line":281,"column":4}}},"10":{"name":"_div","line":283,"loc":{"start":{"line":283,"column":4},"end":{"line":289,"column":4}}},"11":{"name":"_mul","line":291,"loc":{"start":{"line":291,"column":4},"end":{"line":298,"column":4}}}},"statementMap":{"1":{"start":{"line":35,"column":8},"end":{"line":35,"column":19}},"2":{"start":{"line":36,"column":8},"end":{"line":36,"column":49}},"3":{"start":{"line":37,"column":8},"end":{"line":37,"column":56}},"4":{"start":{"line":45,"column":8},"end":{"line":45,"column":1505}},"5":{"start":{"line":51,"column":8},"end":{"line":51,"column":1693}},"6":{"start":{"line":52,"column":12},"end":{"line":52,"column":1758}},"7":{"start":{"line":56,"column":12},"end":{"line":56,"column":70}},"8":{"start":{"line":69,"column":8},"end":{"line":69,"column":66}},"9":{"start":{"line":70,"column":8},"end":{"line":70,"column":74}},"10":{"start":{"line":71,"column":8},"end":{"line":71,"column":76}},"11":{"start":{"line":74,"column":8},"end":{"line":74,"column":2645}},"12":{"start":{"line":75,"column":12},"end":{"line":75,"column":24}},"13":{"start":{"line":77,"column":8},"end":{"line":77,"column":2713}},"14":{"start":{"line":78,"column":12},"end":{"line":78,"column":25}},"15":{"start":{"line":81,"column":8},"end":{"line":81,"column":46}},"16":{"start":{"line":82,"column":8},"end":{"line":82,"column":2833}},"17":{"start":{"line":83,"column":12},"end":{"line":83,"column":34}},"18":{"start":{"line":85,"column":12},"end":{"line":85,"column":54}},"19":{"start":{"line":86,"column":12},"end":{"line":86,"column":2986}},"20":{"start":{"line":104,"column":8},"end":{"line":104,"column":3462}},"21":{"start":{"line":105,"column":12},"end":{"line":105,"column":3540}},"22":{"start":{"line":113,"column":15},"end":{"line":113,"column":3786}},"23":{"start":{"line":115,"column":12},"end":{"line":115,"column":3931}},"24":{"start":{"line":130,"column":8},"end":{"line":130,"column":21}},"25":{"start":{"line":131,"column":8},"end":{"line":131,"column":29}},"26":{"start":{"line":132,"column":8},"end":{"line":132,"column":79}},"27":{"start":{"line":134,"column":8},"end":{"line":134,"column":4499}},"28":{"start":{"line":136,"column":12},"end":{"line":136,"column":20}},"29":{"start":{"line":137,"column":15},"end":{"line":137,"column":4627}},"30":{"start":{"line":139,"column":12},"end":{"line":139,"column":53}},"31":{"start":{"line":140,"column":12},"end":{"line":140,"column":54}},"32":{"start":{"line":141,"column":12},"end":{"line":141,"column":69}},"33":{"start":{"line":142,"column":12},"end":{"line":142,"column":54}},"34":{"start":{"line":143,"column":15},"end":{"line":143,"column":4987}},"35":{"start":{"line":145,"column":12},"end":{"line":145,"column":57}},"36":{"start":{"line":146,"column":12},"end":{"line":146,"column":56}},"37":{"start":{"line":147,"column":12},"end":{"line":147,"column":59}},"38":{"start":{"line":148,"column":12},"end":{"line":148,"column":5350}},"39":{"start":{"line":150,"column":12},"end":{"line":150,"column":62}},"40":{"start":{"line":151,"column":12},"end":{"line":151,"column":39}},"41":{"start":{"line":152,"column":15},"end":{"line":152,"column":5504}},"42":{"start":{"line":154,"column":12},"end":{"line":154,"column":57}},"43":{"start":{"line":155,"column":12},"end":{"line":155,"column":56}},"44":{"start":{"line":156,"column":12},"end":{"line":156,"column":59}},"45":{"start":{"line":157,"column":12},"end":{"line":157,"column":5866}},"46":{"start":{"line":159,"column":12},"end":{"line":159,"column":62}},"47":{"start":{"line":160,"column":12},"end":{"line":160,"column":39}},"48":{"start":{"line":163,"column":12},"end":{"line":163,"column":20}},"49":{"start":{"line":166,"column":8},"end":{"line":166,"column":6094}},"50":{"start":{"line":183,"column":8},"end":{"line":183,"column":31}},"51":{"start":{"line":184,"column":8},"end":{"line":184,"column":33}},"52":{"start":{"line":185,"column":8},"end":{"line":185,"column":6574}},"53":{"start":{"line":186,"column":12},"end":{"line":186,"column":65}},"54":{"start":{"line":187,"column":12},"end":{"line":187,"column":44}},"55":{"start":{"line":188,"column":15},"end":{"line":188,"column":6739}},"56":{"start":{"line":189,"column":12},"end":{"line":189,"column":63}},"57":{"start":{"line":190,"column":12},"end":{"line":190,"column":6854}},"58":{"start":{"line":195,"column":12},"end":{"line":195,"column":44}},"59":{"start":{"line":197,"column":12},"end":{"line":197,"column":63}},"60":{"start":{"line":198,"column":12},"end":{"line":198,"column":7134}},"61":{"start":{"line":203,"column":12},"end":{"line":203,"column":41}},"62":{"start":{"line":206,"column":8},"end":{"line":206,"column":7329}},"63":{"start":{"line":207,"column":12},"end":{"line":207,"column":34}},"64":{"start":{"line":208,"column":15},"end":{"line":208,"column":7420}},"65":{"start":{"line":209,"column":12},"end":{"line":209,"column":68}},"66":{"start":{"line":210,"column":12},"end":{"line":210,"column":55}},"67":{"start":{"line":212,"column":12},"end":{"line":212,"column":68}},"68":{"start":{"line":213,"column":12},"end":{"line":213,"column":55}},"69":{"start":{"line":222,"column":8},"end":{"line":222,"column":72}},"70":{"start":{"line":223,"column":8},"end":{"line":223,"column":47}},"71":{"start":{"line":224,"column":8},"end":{"line":224,"column":61}},"72":{"start":{"line":225,"column":8},"end":{"line":225,"column":29}},"73":{"start":{"line":233,"column":8},"end":{"line":233,"column":72}},"74":{"start":{"line":234,"column":8},"end":{"line":234,"column":47}},"75":{"start":{"line":235,"column":8},"end":{"line":235,"column":61}},"76":{"start":{"line":236,"column":8},"end":{"line":236,"column":53}},"77":{"start":{"line":246,"column":8},"end":{"line":246,"column":8726}},"78":{"start":{"line":250,"column":12},"end":{"line":250,"column":29}},"79":{"start":{"line":251,"column":15},"end":{"line":251,"column":8907}},"80":{"start":{"line":255,"column":12},"end":{"line":255,"column":29}},"81":{"start":{"line":256,"column":15},"end":{"line":256,"column":9088}},"82":{"start":{"line":260,"column":12},"end":{"line":260,"column":29}},"83":{"start":{"line":261,"column":15},"end":{"line":261,"column":9269}},"84":{"start":{"line":265,"column":12},"end":{"line":265,"column":29}},"85":{"start":{"line":267,"column":12},"end":{"line":267,"column":43}},"86":{"start":{"line":272,"column":8},"end":{"line":272,"column":9596}},"87":{"start":{"line":273,"column":12},"end":{"line":273,"column":9648}},"88":{"start":{"line":274,"column":16},"end":{"line":274,"column":41}},"89":{"start":{"line":276,"column":16},"end":{"line":276,"column":66}},"90":{"start":{"line":280,"column":8},"end":{"line":280,"column":57}},"91":{"start":{"line":288,"column":8},"end":{"line":288,"column":55}},"92":{"start":{"line":296,"column":8},"end":{"line":296,"column":37}},"93":{"start":{"line":297,"column":8},"end":{"line":297,"column":54}}},"branchMap":{"1":{"line":37,"type":"if","locations":[{"start":{"line":37,"column":8},"end":{"line":37,"column":8}},{"start":{"line":37,"column":8},"end":{"line":37,"column":8}}]},"2":{"line":45,"type":"if","locations":[{"start":{"line":45,"column":8},"end":{"line":45,"column":8}},{"start":{"line":45,"column":8},"end":{"line":45,"column":8}}]},"3":{"line":52,"type":"if","locations":[{"start":{"line":52,"column":12},"end":{"line":52,"column":12}},{"start":{"line":52,"column":12},"end":{"line":52,"column":12}}]},"4":{"line":69,"type":"if","locations":[{"start":{"line":69,"column":8},"end":{"line":69,"column":8}},{"start":{"line":69,"column":8},"end":{"line":69,"column":8}}]},"5":{"line":70,"type":"if","locations":[{"start":{"line":70,"column":8},"end":{"line":70,"column":8}},{"start":{"line":70,"column":8},"end":{"line":70,"column":8}}]},"6":{"line":71,"type":"if","locations":[{"start":{"line":71,"column":8},"end":{"line":71,"column":8}},{"start":{"line":71,"column":8},"end":{"line":71,"column":8}}]},"7":{"line":74,"type":"if","locations":[{"start":{"line":74,"column":8},"end":{"line":74,"column":8}},{"start":{"line":74,"column":8},"end":{"line":74,"column":8}}]},"8":{"line":77,"type":"if","locations":[{"start":{"line":77,"column":8},"end":{"line":77,"column":8}},{"start":{"line":77,"column":8},"end":{"line":77,"column":8}}]},"9":{"line":82,"type":"if","locations":[{"start":{"line":82,"column":8},"end":{"line":82,"column":8}},{"start":{"line":82,"column":8},"end":{"line":82,"column":8}}]},"10":{"line":104,"type":"if","locations":[{"start":{"line":104,"column":8},"end":{"line":104,"column":8}},{"start":{"line":104,"column":8},"end":{"line":104,"column":8}}]},"11":{"line":113,"type":"if","locations":[{"start":{"line":113,"column":15},"end":{"line":113,"column":15}},{"start":{"line":113,"column":15},"end":{"line":113,"column":15}}]},"12":{"line":134,"type":"if","locations":[{"start":{"line":134,"column":8},"end":{"line":134,"column":8}},{"start":{"line":134,"column":8},"end":{"line":134,"column":8}}]},"13":{"line":137,"type":"if","locations":[{"start":{"line":137,"column":15},"end":{"line":137,"column":15}},{"start":{"line":137,"column":15},"end":{"line":137,"column":15}}]},"14":{"line":143,"type":"if","locations":[{"start":{"line":143,"column":15},"end":{"line":143,"column":15}},{"start":{"line":143,"column":15},"end":{"line":143,"column":15}}]},"15":{"line":152,"type":"if","locations":[{"start":{"line":152,"column":15},"end":{"line":152,"column":15}},{"start":{"line":152,"column":15},"end":{"line":152,"column":15}}]},"16":{"line":185,"type":"if","locations":[{"start":{"line":185,"column":8},"end":{"line":185,"column":8}},{"start":{"line":185,"column":8},"end":{"line":185,"column":8}}]},"17":{"line":188,"type":"if","locations":[{"start":{"line":188,"column":15},"end":{"line":188,"column":15}},{"start":{"line":188,"column":15},"end":{"line":188,"column":15}}]},"18":{"line":206,"type":"if","locations":[{"start":{"line":206,"column":8},"end":{"line":206,"column":8}},{"start":{"line":206,"column":8},"end":{"line":206,"column":8}}]},"19":{"line":208,"type":"if","locations":[{"start":{"line":208,"column":15},"end":{"line":208,"column":15}},{"start":{"line":208,"column":15},"end":{"line":208,"column":15}}]},"20":{"line":224,"type":"if","locations":[{"start":{"line":224,"column":8},"end":{"line":224,"column":8}},{"start":{"line":224,"column":8},"end":{"line":224,"column":8}}]},"21":{"line":235,"type":"if","locations":[{"start":{"line":235,"column":8},"end":{"line":235,"column":8}},{"start":{"line":235,"column":8},"end":{"line":235,"column":8}}]},"22":{"line":246,"type":"if","locations":[{"start":{"line":246,"column":8},"end":{"line":246,"column":8}},{"start":{"line":246,"column":8},"end":{"line":246,"column":8}}]},"23":{"line":251,"type":"if","locations":[{"start":{"line":251,"column":15},"end":{"line":251,"column":15}},{"start":{"line":251,"column":15},"end":{"line":251,"column":15}}]},"24":{"line":256,"type":"if","locations":[{"start":{"line":256,"column":15},"end":{"line":256,"column":15}},{"start":{"line":256,"column":15},"end":{"line":256,"column":15}}]},"25":{"line":261,"type":"if","locations":[{"start":{"line":261,"column":15},"end":{"line":261,"column":15}},{"start":{"line":261,"column":15},"end":{"line":261,"column":15}}]},"26":{"line":272,"type":"if","locations":[{"start":{"line":272,"column":8},"end":{"line":272,"column":8}},{"start":{"line":272,"column":8},"end":{"line":272,"column":8}}]}}}}
