TN:
SF:/Users/Hilmar/code/gelato/oracle-aggregator/contracts/OracleAggregator.sol
FN:28,constructor
FN:48,addTokens
FN:67,addStablecoins
FN:81,getExpectedReturnAmount
FN:132,_handleConvertToEthOrUsd
FN:181,_handleConvertToToken
FN:240,_checkAvailablePair
FN:270,_getDecimals
FN:306,_getRate
FN:321,_convertUSD
FN:338,_matchStableCoinDecimal
FNF:11
FNH:11
FNDA:3,constructor
FNDA:4,addTokens
FNDA:4,addStablecoins
FNDA:11,getExpectedReturnAmount
FNDA:7,_handleConvertToEthOrUsd
FNDA:4,_handleConvertToToken
FNDA:8,_checkAvailablePair
FNDA:11,_getDecimals
FNDA:21,_getRate
FNDA:11,_convertUSD
FNDA:2,_matchStableCoinDecimal
DA:36,3
DA:37,3
DA:38,3
DA:40,3
DA:41,3
DA:49,4
DA:55,4
DA:56,103
DA:60,102
DA:68,4
DA:69,4
DA:70,22
DA:74,21
DA:87,11
DA:88,11
DA:89,11
DA:92,11
DA:93,1
DA:95,11
DA:96,0
DA:100,11
DA:101,11
DA:104,11
DA:108,11
DA:110,11
DA:112,7
DA:121,4
DA:129,11
DA:142,7
DA:143,3
DA:144,3
DA:155,3
DA:160,4
DA:162,4
DA:163,4
DA:164,4
DA:166,4
DA:170,4
DA:173,4
DA:174,2
DA:176,2
DA:187,4
DA:188,4
DA:192,4
DA:193,2
DA:195,2
DA:197,2
DA:200,2
DA:201,2
DA:203,0
DA:209,1
DA:210,1
DA:211,1
DA:213,1
DA:214,1
DA:219,1
DA:220,1
DA:221,1
DA:224,1
DA:227,1
DA:232,1
DA:233,1
DA:234,1
DA:245,8
DA:249,2
DA:254,4
DA:259,1
DA:264,1
DA:266,0
DA:276,11
DA:277,8
DA:278,8
DA:280,0
DA:283,3
DA:284,1
DA:286,2
DA:291,11
DA:292,7
DA:293,7
DA:295,0
DA:298,4
DA:299,1
DA:301,3
DA:311,21
DA:312,0
DA:314,21
DA:315,21
DA:316,21
DA:326,11
DA:327,1
DA:329,2
DA:331,3
DA:333,5
DA:346,2
DA:350,2
LF:95
LH:89
BRDA:40,1,0,3
BRDA:40,1,1,0
BRDA:41,2,0,3
BRDA:41,2,1,0
BRDA:49,3,0,4
BRDA:49,3,1,0
BRDA:56,4,0,102
BRDA:56,4,1,1
BRDA:68,5,0,4
BRDA:68,5,1,0
BRDA:70,6,0,21
BRDA:70,6,1,1
BRDA:87,7,0,11
BRDA:87,7,1,0
BRDA:88,8,0,11
BRDA:88,8,1,0
BRDA:89,9,0,11
BRDA:89,9,1,0
BRDA:92,10,0,1
BRDA:92,10,1,10
BRDA:95,11,0,0
BRDA:95,11,1,11
BRDA:110,12,0,7
BRDA:110,12,1,4
BRDA:142,13,0,3
BRDA:142,13,1,4
BRDA:162,14,0,0
BRDA:162,14,1,4
BRDA:173,15,0,2
BRDA:173,15,1,2
BRDA:188,16,0,0
BRDA:188,16,1,4
BRDA:192,17,0,2
BRDA:192,17,1,2
BRDA:200,18,0,2
BRDA:200,18,1,0
BRDA:205,19,0,1
BRDA:205,19,1,1
BRDA:215,20,0,1
BRDA:215,20,1,0
BRDA:245,21,0,2
BRDA:245,21,1,6
BRDA:250,22,0,4
BRDA:250,22,1,2
BRDA:255,23,0,1
BRDA:255,23,1,1
BRDA:260,24,0,1
BRDA:260,24,1,0
BRDA:276,25,0,8
BRDA:276,25,1,3
BRDA:283,26,0,1
BRDA:283,26,1,2
BRDA:291,27,0,7
BRDA:291,27,1,4
BRDA:298,28,0,1
BRDA:298,28,1,3
BRDA:311,29,0,0
BRDA:311,29,1,21
BRDA:326,30,0,1
BRDA:326,30,1,10
BRDA:328,31,0,2
BRDA:328,31,1,8
BRDA:330,32,0,3
BRDA:330,32,1,5
BRF:64
BRH:50
end_of_record
TN:
SF:/Users/Hilmar/code/gelato/oracle-aggregator/contracts/OracleAggregatorV2.sol
FN:29,constructor
FN:44,addTokens
FN:63,getExpectedReturnAmount
FN:96,_getExpectedReturnAmount
FN:176,_computeReturnAmount
FN:217,_getRate
FN:228,_getRateAndOracleDecimals
FN:241,_checkAvailablePair
FN:271,_getDecimals
FN:283,_div
FN:291,_mul
FNF:11
FNH:10
FNDA:3,constructor
FNDA:4,addTokens
FNDA:28,getExpectedReturnAmount
FNDA:27,_getExpectedReturnAmount
FNDA:27,_computeReturnAmount
FNDA:49,_getRate
FNDA:0,_getRateAndOracleDecimals
FNDA:20,_checkAvailablePair
FNDA:55,_getDecimals
FNDA:25,_div
FNDA:27,_mul
DA:35,3
DA:36,3
DA:37,3
DA:45,4
DA:51,4
DA:52,133
DA:56,132
DA:69,28
DA:70,28
DA:71,28
DA:74,28
DA:75,1
DA:77,28
DA:78,0
DA:81,28
DA:82,28
DA:83,1
DA:85,27
DA:86,27
DA:104,27
DA:105,4
DA:115,3
DA:130,20
DA:131,20
DA:132,20
DA:134,20
DA:136,0
DA:139,18
DA:140,18
DA:141,18
DA:142,18
DA:145,1
DA:146,1
DA:147,1
DA:148,1
DA:150,1
DA:151,1
DA:154,1
DA:155,1
DA:156,1
DA:157,1
DA:159,1
DA:160,1
DA:163,0
DA:166,20
DA:183,27
DA:184,27
DA:185,27
DA:186,18
DA:187,18
DA:189,6
DA:190,6
DA:195,6
DA:197,3
DA:198,3
DA:203,3
DA:206,27
DA:207,19
DA:209,1
DA:210,1
DA:212,7
DA:213,7
DA:222,49
DA:223,49
DA:224,49
DA:225,49
DA:233,0
DA:234,0
DA:235,0
DA:236,0
DA:246,20
DA:250,16
DA:255,2
DA:260,1
DA:265,1
DA:267,0
DA:272,55
DA:273,45
DA:274,45
DA:276,0
DA:280,10
DA:288,25
DA:296,27
DA:297,27
LF:84
LH:75
BRDA:37,1,0,3
BRDA:37,1,1,0
BRDA:45,2,0,4
BRDA:45,2,1,0
BRDA:52,3,0,132
BRDA:52,3,1,1
BRDA:69,4,0,28
BRDA:69,4,1,0
BRDA:70,5,0,28
BRDA:70,5,1,0
BRDA:71,6,0,28
BRDA:71,6,1,0
BRDA:74,7,0,1
BRDA:74,7,1,27
BRDA:77,8,0,0
BRDA:77,8,1,28
BRDA:82,9,0,1
BRDA:82,9,1,27
BRDA:104,10,0,4
BRDA:104,10,1,23
BRDA:113,11,0,3
BRDA:113,11,1,20
BRDA:134,12,0,0
BRDA:134,12,1,20
BRDA:137,13,0,18
BRDA:137,13,1,2
BRDA:143,14,0,1
BRDA:143,14,1,1
BRDA:152,15,0,1
BRDA:152,15,1,0
BRDA:185,16,0,18
BRDA:185,16,1,9
BRDA:188,17,0,6
BRDA:188,17,1,3
BRDA:206,18,0,19
BRDA:206,18,1,8
BRDA:208,19,0,1
BRDA:208,19,1,7
BRDA:224,20,0,49
BRDA:224,20,1,0
BRDA:235,21,0,0
BRDA:235,21,1,0
BRDA:246,22,0,16
BRDA:246,22,1,4
BRDA:251,23,0,2
BRDA:251,23,1,2
BRDA:256,24,0,1
BRDA:256,24,1,1
BRDA:261,25,0,1
BRDA:261,25,1,0
BRDA:272,26,0,45
BRDA:272,26,1,10
BRF:52
BRH:40
end_of_record
