TN:
SF:/Users/Hilmar/code/gelato/oracle-aggregator/contracts/OracleAggregator.sol
FN:29,constructor
FN:44,addTokens
FN:63,getExpectedReturnAmount
FN:96,_getExpectedReturnAmount
FN:176,_computeReturnAmount
FN:217,_getRate
FN:230,_checkAvailablePair
FN:260,_getDecimals
FN:272,_div
FN:280,_mul
FNF:10
FNH:10
FNDA:3,constructor
FNDA:4,addTokens
FNDA:435,getExpectedReturnAmount
FNDA:418,_getExpectedReturnAmount
FNDA:417,_computeReturnAmount
FNDA:756,_getRate
FNDA:271,_checkAvailablePair
FNDA:851,_getDecimals
FNDA:348,_div
FNDA:417,_mul
DA:35,3
DA:36,3
DA:37,3
DA:45,4
DA:51,4
DA:52,136
DA:56,135
DA:69,435
DA:70,434
DA:71,434
DA:74,433
DA:75,12
DA:77,433
DA:78,0
DA:81,433
DA:82,433
DA:83,15
DA:85,418
DA:86,418
DA:104,418
DA:105,138
DA:115,9
DA:130,271
DA:131,271
DA:132,271
DA:134,271
DA:136,1
DA:139,201
DA:140,201
DA:141,201
DA:142,201
DA:145,57
DA:146,57
DA:147,57
DA:148,57
DA:150,57
DA:151,57
DA:154,12
DA:155,12
DA:156,12
DA:157,12
DA:159,12
DA:160,12
DA:163,0
DA:166,270
DA:183,417
DA:184,417
DA:185,417
DA:186,270
DA:187,270
DA:189,48
DA:190,48
DA:195,48
DA:197,99
DA:198,99
DA:203,99
DA:206,417
DA:207,309
DA:209,6
DA:210,6
DA:212,102
DA:213,102
DA:222,756
DA:223,756
DA:224,756
DA:225,756
DA:235,271
DA:239,144
DA:244,57
DA:249,57
DA:254,12
DA:256,1
DA:261,851
DA:262,607
DA:263,607
DA:265,0
DA:269,244
DA:277,348
DA:285,417
DA:286,417
LF:80
LH:77
BRDA:37,1,0,3
BRDA:37,1,1,0
BRDA:45,2,0,4
BRDA:45,2,1,0
BRDA:52,3,0,135
BRDA:52,3,1,1
BRDA:69,4,0,434
BRDA:69,4,1,1
BRDA:70,5,0,434
BRDA:70,5,1,0
BRDA:71,6,0,433
BRDA:71,6,1,1
BRDA:74,7,0,12
BRDA:74,7,1,421
BRDA:77,8,0,0
BRDA:77,8,1,433
BRDA:82,9,0,15
BRDA:82,9,1,418
BRDA:104,10,0,138
BRDA:104,10,1,280
BRDA:113,11,0,9
BRDA:113,11,1,271
BRDA:134,12,0,1
BRDA:134,12,1,270
BRDA:137,13,0,201
BRDA:137,13,1,69
BRDA:143,14,0,57
BRDA:143,14,1,12
BRDA:152,15,0,12
BRDA:152,15,1,0
BRDA:185,16,0,270
BRDA:185,16,1,147
BRDA:188,17,0,48
BRDA:188,17,1,99
BRDA:206,18,0,309
BRDA:206,18,1,108
BRDA:208,19,0,6
BRDA:208,19,1,102
BRDA:224,20,0,756
BRDA:224,20,1,0
BRDA:235,21,0,144
BRDA:235,21,1,127
BRDA:240,22,0,57
BRDA:240,22,1,70
BRDA:245,23,0,57
BRDA:245,23,1,13
BRDA:250,24,0,12
BRDA:250,24,1,1
BRDA:261,25,0,607
BRDA:261,25,1,244
BRF:50
BRH:44
end_of_record
